2024-12-15 18:50:59,321 INFO o.a.j.u.JMeterUtils: Setting Locale to en_EN
2024-12-15 18:50:59,340 INFO o.a.j.JMeter: Loading user properties from: C:\Users\Sebastian\Desktop\apache-jmeter-5.6.3\apache-jmeter-5.6.3\bin\user.properties
2024-12-15 18:50:59,342 INFO o.a.j.JMeter: Loading system properties from: C:\Users\Sebastian\Desktop\apache-jmeter-5.6.3\apache-jmeter-5.6.3\bin\system.properties
2024-12-15 18:50:59,343 INFO o.a.j.JMeter: Setting JMeter property: users=10000
2024-12-15 18:50:59,355 INFO o.a.j.JMeter: Copyright (c) 1998-2024 The Apache Software Foundation
2024-12-15 18:50:59,355 INFO o.a.j.JMeter: Version 5.6.3
2024-12-15 18:50:59,355 INFO o.a.j.JMeter: java.version=1.8.0_411
2024-12-15 18:50:59,355 INFO o.a.j.JMeter: java.vm.name=Java HotSpot(TM) 64-Bit Server VM
2024-12-15 18:50:59,355 INFO o.a.j.JMeter: os.name=Windows 11
2024-12-15 18:50:59,355 INFO o.a.j.JMeter: os.arch=amd64
2024-12-15 18:50:59,355 INFO o.a.j.JMeter: os.version=10.0
2024-12-15 18:50:59,356 INFO o.a.j.JMeter: file.encoding=Cp1252
2024-12-15 18:50:59,356 INFO o.a.j.JMeter: java.awt.headless=true
2024-12-15 18:50:59,356 INFO o.a.j.JMeter: Max memory     =1073741824
2024-12-15 18:50:59,356 INFO o.a.j.JMeter: Available Processors =8
2024-12-15 18:50:59,361 INFO o.a.j.JMeter: Default Locale=English (EN)
2024-12-15 18:50:59,362 INFO o.a.j.JMeter: JMeter  Locale=English (EN)
2024-12-15 18:50:59,362 INFO o.a.j.JMeter: JMeterHome=C:\Users\Sebastian\Desktop\apache-jmeter-5.6.3\apache-jmeter-5.6.3
2024-12-15 18:50:59,362 INFO o.a.j.JMeter: user.dir  =C:\ArquiSistemas\Taller2-Microservicios
2024-12-15 18:50:59,362 INFO o.a.j.JMeter: PWD       =C:\ArquiSistemas\Taller2-Microservicios
2024-12-15 18:50:59,368 INFO o.a.j.JMeter: IP: 192.168.1.101 Name: OR-LabDell3 FullName: 192.168.1.101
2024-12-15 18:50:59,396 INFO o.a.j.s.FileServer: Default base='C:\ArquiSistemas\Taller2-Microservicios'
2024-12-15 18:50:59,400 INFO o.a.j.s.FileServer: Set new base='C:\ArquiSistemas\Taller2-Microservicios\user-management'
2024-12-15 18:50:59,629 INFO o.a.j.s.SaveService: Testplan (JMX) version: 2.2. Testlog (JTL) version: 2.2
2024-12-15 18:50:59,686 INFO o.a.j.s.SaveService: Using SaveService properties file encoding UTF-8
2024-12-15 18:50:59,694 INFO o.a.j.s.SaveService: Using SaveService properties version 5.0
2024-12-15 18:50:59,705 INFO o.a.j.s.SaveService: Loading file: C:\ArquiSistemas\Taller2-Microservicios\user-management\test-grpcc.jmx
2024-12-15 18:50:59,836 INFO o.a.j.JMeter: Creating summariser <summary>
2024-12-15 18:50:59,858 INFO o.a.j.e.StandardJMeterEngine: Running the test!
2024-12-15 18:50:59,859 INFO o.a.j.s.SampleEvent: List of sample_variables: []
2024-12-15 18:50:59,859 INFO o.a.j.s.SampleEvent: List of sample_variables: []
2024-12-15 18:50:59,872 INFO o.a.j.e.u.CompoundVariable: Note: Function class names must contain the string: '.functions.'
2024-12-15 18:50:59,873 INFO o.a.j.e.u.CompoundVariable: Note: Function class names must not contain the string: '.gui.'
2024-12-15 18:51:00,663 INFO o.a.j.r.ClassFinder: Will scan jar C:\Users\Sebastian\Desktop\apache-jmeter-5.6.3\apache-jmeter-5.6.3\lib\ext\jmeter-plugins-manager-1.10.jar with filter ExtendsClassFilter [parents=[interface org.apache.jmeter.functions.Function], inner=false, contains=null, notContains=null]. Consider exposing JMeter plugins via META-INF/services, and add JMeter-Skip-Class-Scanning=true manifest attribute so JMeter can skip classfile scanning
2024-12-15 18:51:01,041 INFO o.a.j.r.ClassFinder: Will scan jar C:\Users\Sebastian\Desktop\apache-jmeter-5.6.3\apache-jmeter-5.6.3\lib\ext\jmeter-grpc-request.jar with filter ExtendsClassFilter [parents=[interface org.apache.jmeter.functions.Function], inner=false, contains=null, notContains=null]. Consider exposing JMeter plugins via META-INF/services, and add JMeter-Skip-Class-Scanning=true manifest attribute so JMeter can skip classfile scanning
2024-12-15 18:51:02,625 INFO v.z.b.GRPCSampler: testStarted
2024-12-15 18:51:02,628 INFO o.a.j.JMeter: Running test (1734299462628)
2024-12-15 18:51:02,702 INFO o.a.j.e.StandardJMeterEngine: Starting ThreadGroup: 1 : Thread Group
2024-12-15 18:51:02,702 INFO o.a.j.e.StandardJMeterEngine: Starting 1 threads for group Thread Group.
2024-12-15 18:51:02,702 INFO o.a.j.e.StandardJMeterEngine: Thread will continue on error
2024-12-15 18:51:02,703 INFO o.a.j.t.ThreadGroup: Starting thread group... number=1 threads=1 ramp-up=1 delayedStart=false
2024-12-15 18:51:02,707 INFO o.a.j.t.ThreadGroup: Started thread group number 1
2024-12-15 18:51:02,707 INFO o.a.j.e.StandardJMeterEngine: All thread groups have been started
2024-12-15 18:51:02,716 INFO o.a.j.t.JMeterThread: Thread started: Thread Group 1-1
2024-12-15 18:51:02,723 INFO o.a.j.s.SampleResult: Note: Sample TimeStamps are START times
2024-12-15 18:51:02,723 INFO o.a.j.s.SampleResult: sampleresult.default.encoding is set to UTF-8
2024-12-15 18:51:02,723 INFO o.a.j.s.SampleResult: sampleresult.useNanoTime=true
2024-12-15 18:51:02,723 INFO o.a.j.s.SampleResult: sampleresult.nanoThreadSleep=5000
2024-12-15 18:51:06,875 INFO o.a.j.t.JMeterThread: Thread is done: Thread Group 1-1
2024-12-15 18:51:06,875 INFO o.a.j.t.JMeterThread: Thread finished: Thread Group 1-1
2024-12-15 18:51:06,890 INFO o.a.j.e.StandardJMeterEngine: Notifying test listeners of end of test
2024-12-15 18:51:06,890 INFO v.z.b.GRPCSampler: testEnded
2024-12-15 18:51:06,917 INFO o.a.j.r.Summariser: summary =      1 in 00:00:04 =    0.2/s Avg:  1050 Min:  1050 Max:  1050 Err:     0 (0.00%)
