2024-12-15 20:52:53,531 INFO o.a.j.u.JMeterUtils: Setting Locale to en_EN
2024-12-15 20:52:53,554 INFO o.a.j.JMeter: Loading user properties from: C:\Users\Sebastian\Desktop\apache-jmeter-5.6.3\apache-jmeter-5.6.3\bin\user.properties
2024-12-15 20:52:53,559 INFO o.a.j.JMeter: Loading system properties from: C:\Users\Sebastian\Desktop\apache-jmeter-5.6.3\apache-jmeter-5.6.3\bin\system.properties
2024-12-15 20:52:53,561 INFO o.a.j.JMeter: Setting JMeter property: users=10000
2024-12-15 20:52:53,571 INFO o.a.j.JMeter: Copyright (c) 1998-2024 The Apache Software Foundation
2024-12-15 20:52:53,571 INFO o.a.j.JMeter: Version 5.6.3
2024-12-15 20:52:53,571 INFO o.a.j.JMeter: java.version=1.8.0_411
2024-12-15 20:52:53,571 INFO o.a.j.JMeter: java.vm.name=Java HotSpot(TM) 64-Bit Server VM
2024-12-15 20:52:53,571 INFO o.a.j.JMeter: os.name=Windows 11
2024-12-15 20:52:53,571 INFO o.a.j.JMeter: os.arch=amd64
2024-12-15 20:52:53,572 INFO o.a.j.JMeter: os.version=10.0
2024-12-15 20:52:53,572 INFO o.a.j.JMeter: file.encoding=Cp1252
2024-12-15 20:52:53,572 INFO o.a.j.JMeter: java.awt.headless=true
2024-12-15 20:52:53,572 INFO o.a.j.JMeter: Max memory     =1073741824
2024-12-15 20:52:53,572 INFO o.a.j.JMeter: Available Processors =8
2024-12-15 20:52:53,578 INFO o.a.j.JMeter: Default Locale=English (EN)
2024-12-15 20:52:53,579 INFO o.a.j.JMeter: JMeter  Locale=English (EN)
2024-12-15 20:52:53,579 INFO o.a.j.JMeter: JMeterHome=C:\Users\Sebastian\Desktop\apache-jmeter-5.6.3\apache-jmeter-5.6.3
2024-12-15 20:52:53,579 INFO o.a.j.JMeter: user.dir  =C:\ArquiSistemas\Taller2-Microservicios\CareersMicroservice
2024-12-15 20:52:53,580 INFO o.a.j.JMeter: PWD       =C:\ArquiSistemas\Taller2-Microservicios\CareersMicroservice
2024-12-15 20:52:53,596 INFO o.a.j.JMeter: IP: 192.168.1.101 Name: OR-LabDell3 FullName: 192.168.1.101
2024-12-15 20:52:53,630 INFO o.a.j.s.FileServer: Default base='C:\ArquiSistemas\Taller2-Microservicios\CareersMicroservice'
2024-12-15 20:52:53,633 INFO o.a.j.s.FileServer: Set new base='C:\ArquiSistemas\Taller2-Microservicios\CareersMicroservice'
2024-12-15 20:52:53,884 INFO o.a.j.s.SaveService: Testplan (JMX) version: 2.2. Testlog (JTL) version: 2.2
2024-12-15 20:52:53,942 INFO o.a.j.s.SaveService: Using SaveService properties file encoding UTF-8
2024-12-15 20:52:53,949 INFO o.a.j.s.SaveService: Using SaveService properties version 5.0
2024-12-15 20:52:53,968 INFO o.a.j.s.SaveService: Loading file: GetCareer.jmx
2024-12-15 20:52:54,110 INFO o.a.j.JMeter: Creating summariser <summary>
2024-12-15 20:52:54,129 INFO o.a.j.e.StandardJMeterEngine: Running the test!
2024-12-15 20:52:54,130 INFO o.a.j.s.SampleEvent: List of sample_variables: []
2024-12-15 20:52:54,130 INFO o.a.j.s.SampleEvent: List of sample_variables: []
2024-12-15 20:52:54,144 INFO o.a.j.e.u.CompoundVariable: Note: Function class names must contain the string: '.functions.'
2024-12-15 20:52:54,144 INFO o.a.j.e.u.CompoundVariable: Note: Function class names must not contain the string: '.gui.'
2024-12-15 20:52:54,914 INFO o.a.j.r.ClassFinder: Will scan jar C:\Users\Sebastian\Desktop\apache-jmeter-5.6.3\apache-jmeter-5.6.3\lib\ext\jmeter-plugins-manager-1.10.jar with filter ExtendsClassFilter [parents=[interface org.apache.jmeter.functions.Function], inner=false, contains=null, notContains=null]. Consider exposing JMeter plugins via META-INF/services, and add JMeter-Skip-Class-Scanning=true manifest attribute so JMeter can skip classfile scanning
2024-12-15 20:52:55,219 INFO o.a.j.r.ClassFinder: Will scan jar C:\Users\Sebastian\Desktop\apache-jmeter-5.6.3\apache-jmeter-5.6.3\lib\ext\jmeter-grpc-request.jar with filter ExtendsClassFilter [parents=[interface org.apache.jmeter.functions.Function], inner=false, contains=null, notContains=null]. Consider exposing JMeter plugins via META-INF/services, and add JMeter-Skip-Class-Scanning=true manifest attribute so JMeter can skip classfile scanning
2024-12-15 20:52:56,799 INFO v.z.b.GRPCSampler: testStarted
2024-12-15 20:52:56,803 INFO o.a.j.JMeter: Running test (1734306776803)
2024-12-15 20:52:56,876 INFO o.a.j.e.StandardJMeterEngine: Starting ThreadGroup: 1 : Thread Group
2024-12-15 20:52:56,876 INFO o.a.j.e.StandardJMeterEngine: Starting 1 threads for group Thread Group.
2024-12-15 20:52:56,876 INFO o.a.j.e.StandardJMeterEngine: Thread will continue on error
2024-12-15 20:52:56,877 INFO o.a.j.t.ThreadGroup: Starting thread group... number=1 threads=1 ramp-up=1 delayedStart=false
2024-12-15 20:52:56,882 INFO o.a.j.t.ThreadGroup: Started thread group number 1
2024-12-15 20:52:56,883 INFO o.a.j.e.StandardJMeterEngine: All thread groups have been started
2024-12-15 20:52:56,891 INFO o.a.j.t.JMeterThread: Thread started: Thread Group 1-1
2024-12-15 20:52:56,899 INFO o.a.j.s.SampleResult: Note: Sample TimeStamps are START times
2024-12-15 20:52:56,899 INFO o.a.j.s.SampleResult: sampleresult.default.encoding is set to UTF-8
2024-12-15 20:52:56,899 INFO o.a.j.s.SampleResult: sampleresult.useNanoTime=true
2024-12-15 20:52:56,899 INFO o.a.j.s.SampleResult: sampleresult.nanoThreadSleep=5000
2024-12-15 20:52:59,013 INFO o.a.j.t.JMeterThread: Thread is done: Thread Group 1-1
2024-12-15 20:52:59,014 INFO o.a.j.t.JMeterThread: Thread finished: Thread Group 1-1
2024-12-15 20:52:59,029 INFO o.a.j.e.StandardJMeterEngine: Notifying test listeners of end of test
2024-12-15 20:52:59,029 INFO v.z.b.GRPCSampler: testEnded
2024-12-15 20:52:59,055 INFO o.a.j.r.Summariser: summary =      1 in 00:00:02 =    0.4/s Avg:   987 Min:   987 Max:   987 Err:     0 (0.00%)
